# JRE version: OpenJDK Runtime Environment (8.0_91-b14) (build 1.8.0_91-8u91-b14-3ubuntu1~16.04.1-b14)
# Java VM: OpenJDK 64-Bit Server VM (25.91-b14 mixed mode linux-amd64 compressed oops)
Heap:
 PSYoungGen      total 572928K, used 76781K [0x0000000715580000, 0x000000073f300000, 0x00000007c0000000)
  eden space 496128K, 0% used [0x0000000715580000,0x0000000715580000,0x0000000733a00000)
  from space 76800K, 99% used [0x0000000733a00000,0x00000007384fb698,0x0000000738500000)
  to   space 68608K, 0% used [0x0000000738500000,0x0000000738500000,0x000000073c800000)
 ParOldGen       total 234496K, used 216050K [0x00000005c0000000, 0x00000005ce500000, 0x0000000715580000)
  object space 234496K, 92% used [0x00000005c0000000,0x00000005cd2fcb50,0x00000005ce500000)
 Metaspace       used 6568K, capacity 7280K, committed 7552K, reserved 1056768K
  class space    used 595K, capacity 616K, committed 640K, reserved 1048576K
GC Heap History (10 events):
Event: 20.774 GC heap after
Heap after GC invocations=10 (full 0):
 PSYoungGen      total 414208K, used 49658K [0x0000000715580000, 0x0000000734900000, 0x00000007c0000000)
  eden space 364544K, 0% used [0x0000000715580000,0x0000000715580000,0x000000072b980000)
  from space 49664K, 99% used [0x000000072f980000,0x00000007329fe928,0x0000000732a00000)
  to   space 65536K, 0% used [0x000000072b980000,0x000000072b980000,0x000000072f980000)
 ParOldGen       total 84992K, used 76796K [0x00000005c0000000, 0x00000005c5300000, 0x0000000715580000)
  object space 84992K, 90% used [0x00000005c0000000,0x00000005c4aff220,0x00000005c5300000)
 Metaspace       used 6524K, capacity 7280K, committed 7552K, reserved 1056768K
  class space    used 594K, capacity 616K, committed 640K, reserved 1048576K
}
Event: 20.780 GC heap before
{Heap before GC invocations=11 (full 1):
 PSYoungGen      total 414208K, used 49658K [0x0000000715580000, 0x0000000734900000, 0x00000007c0000000)
  eden space 364544K, 0% used [0x0000000715580000,0x0000000715580000,0x000000072b980000)
  from space 49664K, 99% used [0x000000072f980000,0x00000007329fe928,0x0000000732a00000)
  to   space 65536K, 0% used [0x000000072b980000,0x000000072b980000,0x000000072f980000)
 ParOldGen       total 84992K, used 76796K [0x00000005c0000000, 0x00000005c5300000, 0x0000000715580000)
  object space 84992K, 90% used [0x00000005c0000000,0x00000005c4aff220,0x00000005c5300000)
 Metaspace       used 6524K, capacity 7280K, committed 7552K, reserved 1056768K
  class space    used 594K, capacity 616K, committed 640K, reserved 1048576K
Event: 22.819 GC heap after
Heap after GC invocations=11 (full 1):
 PSYoungGen      total 414208K, used 37639K [0x0000000715580000, 0x0000000734900000, 0x00000007c0000000)
  eden space 364544K, 0% used [0x0000000715580000,0x0000000715580000,0x000000072b980000)
  from space 49664K, 75% used [0x000000072f980000,0x0000000731e41dd0,0x0000000732a00000)
  to   space 65536K, 0% used [0x000000072b980000,0x000000072b980000,0x000000072f980000)
 ParOldGen       total 150528K, used 84701K [0x00000005c0000000, 0x00000005c9300000, 0x0000000715580000)
  object space 150528K, 56% used [0x00000005c0000000,0x00000005c52b7760,0x00000005c9300000)
 Metaspace       used 6524K, capacity 7280K, committed 7552K, reserved 1056768K
  class space    used 594K, capacity 616K, committed 640K, reserved 1048576K
}
Event: 356.081 GC heap before
{Heap before GC invocations=12 (full 1):
 PSYoungGen      total 414208K, used 402183K [0x0000000715580000, 0x0000000734900000, 0x00000007c0000000)
  eden space 364544K, 100% used [0x0000000715580000,0x000000072b980000,0x000000072b980000)
  from space 49664K, 75% used [0x000000072f980000,0x0000000731e41dd0,0x0000000732a00000)
  to   space 65536K, 0% used [0x000000072b980000,0x000000072b980000,0x000000072f980000)
 ParOldGen       total 150528K, used 84701K [0x00000005c0000000, 0x00000005c9300000, 0x0000000715580000)
  object space 150528K, 56% used [0x00000005c0000000,0x00000005c52b7760,0x00000005c9300000)
 Metaspace       used 6543K, capacity 7280K, committed 7552K, reserved 1056768K
  class space    used 595K, capacity 616K, committed 640K, reserved 1048576K
Event: 538.830 GC heap after
Heap after GC invocations=12 (full 1):
 PSYoungGen      total 430080K, used 42925K [0x0000000715580000, 0x000000073c800000, 0x00000007c0000000)
  eden space 364544K, 0% used [0x0000000715580000,0x0000000715580000,0x000000072b980000)
  from space 65536K, 65% used [0x000000072b980000,0x000000072e36b4e8,0x000000072f980000)
  to   space 68608K, 0% used [0x0000000738500000,0x0000000738500000,0x000000073c800000)
 ParOldGen       total 150528K, used 120679K [0x00000005c0000000, 0x00000005c9300000, 0x0000000715580000)
  object space 150528K, 80% used [0x00000005c0000000,0x00000005c75d9e40,0x00000005c9300000)
 Metaspace       used 6543K, capacity 7280K, committed 7552K, reserved 1056768K
  class space    used 595K, capacity 616K, committed 640K, reserved 1048576K
}
Event: 538.830 GC heap before
{Heap before GC invocations=13 (full 2):
 PSYoungGen      total 430080K, used 42925K [0x0000000715580000, 0x000000073c800000, 0x00000007c0000000)
  eden space 364544K, 0% used [0x0000000715580000,0x0000000715580000,0x000000072b980000)
  from space 65536K, 65% used [0x000000072b980000,0x000000072e36b4e8,0x000000072f980000)
  to   space 68608K, 0% used [0x0000000738500000,0x0000000738500000,0x000000073c800000)
 ParOldGen       total 150528K, used 120679K [0x00000005c0000000, 0x00000005c9300000, 0x0000000715580000)
  object space 150528K, 80% used [0x00000005c0000000,0x00000005c75d9e40,0x00000005c9300000)
 Metaspace       used 6543K, capacity 7280K, committed 7552K, reserved 1056768K
  class space    used 595K, capacity 616K, committed 640K, reserved 1048576K
Event: 540.046 GC heap after
Heap after GC invocations=13 (full 2):
 PSYoungGen      total 430080K, used 8501K [0x0000000715580000, 0x000000073c800000, 0x00000007c0000000)
  eden space 364544K, 0% used [0x0000000715580000,0x0000000715580000,0x000000072b980000)
  from space 65536K, 12% used [0x000000072b980000,0x000000072c1cd658,0x000000072f980000)
  to   space 68608K, 0% used [0x0000000738500000,0x0000000738500000,0x000000073c800000)
 ParOldGen       total 234496K, used 150144K [0x00000005c0000000, 0x00000005ce500000, 0x0000000715580000)
  object space 234496K, 64% used [0x00000005c0000000,0x00000005c92a0358,0x00000005ce500000)
 Metaspace       used 6543K, capacity 7280K, committed 7552K, reserved 1056768K
  class space    used 595K, capacity 616K, committed 640K, reserved 1048576K
}
Event: 545.252 GC heap before
{Heap before GC invocations=14 (full 2):
 PSYoungGen      total 430080K, used 373045K [0x0000000715580000, 0x000000073c800000, 0x00000007c0000000)
  eden space 364544K, 100% used [0x0000000715580000,0x000000072b980000,0x000000072b980000)
  from space 65536K, 12% used [0x000000072b980000,0x000000072c1cd658,0x000000072f980000)
  to   space 68608K, 0% used [0x0000000738500000,0x0000000738500000,0x000000073c800000)
 ParOldGen       total 234496K, used 150144K [0x00000005c0000000, 0x00000005ce500000, 0x0000000715580000)
  object space 234496K, 64% used [0x00000005c0000000,0x00000005c92a0358,0x00000005ce500000)
 Metaspace       used 6551K, capacity 7280K, committed 7552K, reserved 1056768K
  class space    used 595K, capacity 616K, committed 640K, reserved 1048576K
Event: 546.165 GC heap after
Heap after GC invocations=14 (full 2):
 PSYoungGen      total 564736K, used 58740K [0x0000000715580000, 0x000000073f300000, 0x00000007c0000000)
  eden space 496128K, 0% used [0x0000000715580000,0x0000000715580000,0x0000000733a00000)
  from space 68608K, 85% used [0x0000000738500000,0x000000073be5d0d8,0x000000073c800000)
  to   space 76800K, 0% used [0x0000000733a00000,0x0000000733a00000,0x0000000738500000)
 ParOldGen       total 234496K, used 157404K [0x00000005c0000000, 0x00000005ce500000, 0x0000000715580000)
  object space 234496K, 67% used [0x00000005c0000000,0x00000005c99b72b0,0x00000005ce500000)
 Metaspace       used 6551K, capacity 7280K, committed 7552K, reserved 1056768K
  class space    used 595K, capacity 616K, committed 640K, reserved 1048576K
}
Event: 554.741 GC heap before
{Heap before GC invocations=15 (full 2):
 PSYoungGen      total 564736K, used 554868K [0x0000000715580000, 0x000000073f300000, 0x00000007c0000000)
  eden space 496128K, 100% used [0x0000000715580000,0x0000000733a00000,0x0000000733a00000)
  from space 68608K, 85% used [0x0000000738500000,0x000000073be5d0d8,0x000000073c800000)
  to   space 76800K, 0% used [0x0000000733a00000,0x0000000733a00000,0x0000000738500000)
 ParOldGen       total 234496K, used 157404K [0x00000005c0000000, 0x00000005ce500000, 0x0000000715580000)
  object space 234496K, 67% used [0x00000005c0000000,0x00000005c99b72b0,0x00000005ce500000)
 Metaspace       used 6568K, capacity 7280K, committed 7552K, reserved 1056768K
  class space    used 595K, capacity 616K, committed 640K, reserved 1048576K

