# JRE version: OpenJDK Runtime Environment (8.0_91-b14) (build 1.8.0_91-8u91-b14-3ubuntu1~16.04.1-b14)
# Java VM: OpenJDK 64-Bit Server VM (25.91-b14 mixed mode linux-amd64 compressed oops)
Heap:
 PSYoungGen      total 838656K, used 62279K [0x0000000740000000, 0x000000077d000000, 0x00000007c0000000)
  eden space 726016K, 0% used [0x0000000740000000,0x0000000740000000,0x000000076c500000)
  from space 112640K, 55% used [0x0000000773e80000,0x0000000777b51f90,0x000000077ac80000)
  to   space 124416K, 0% used [0x000000076c500000,0x000000076c500000,0x0000000773e80000)
 ParOldGen       total 439296K, used 439161K [0x0000000640000000, 0x000000065ad00000, 0x0000000740000000)
  object space 439296K, 99% used [0x0000000640000000,0x000000065acde658,0x000000065ad00000)
 Metaspace       used 6572K, capacity 7280K, committed 7552K, reserved 1056768K
  class space    used 596K, capacity 616K, committed 640K, reserved 1048576K
GC Heap History (10 events):
Event: 25.744 GC heap after
Heap after GC invocations=15 (full 2):
 PSYoungGen      total 498688K, used 63775K [0x0000000740000000, 0x000000076bd80000, 0x00000007c0000000)
  eden space 413696K, 0% used [0x0000000740000000,0x0000000740000000,0x0000000759400000)
  from space 84992K, 75% used [0x0000000759400000,0x000000075d247cb0,0x000000075e700000)
  to   space 92160K, 0% used [0x0000000766380000,0x0000000766380000,0x000000076bd80000)
 ParOldGen       total 278528K, used 209808K [0x0000000640000000, 0x0000000651000000, 0x0000000740000000)
  object space 278528K, 75% used [0x0000000640000000,0x000000064cce43b8,0x0000000651000000)
 Metaspace       used 6556K, capacity 7280K, committed 7552K, reserved 1056768K
  class space    used 595K, capacity 616K, committed 640K, reserved 1048576K
}
Event: 27.651 GC heap before
{Heap before GC invocations=16 (full 2):
 PSYoungGen      total 498688K, used 477471K [0x0000000740000000, 0x000000076bd80000, 0x00000007c0000000)
  eden space 413696K, 100% used [0x0000000740000000,0x0000000759400000,0x0000000759400000)
  from space 84992K, 75% used [0x0000000759400000,0x000000075d247cb0,0x000000075e700000)
  to   space 92160K, 0% used [0x0000000766380000,0x0000000766380000,0x000000076bd80000)
 ParOldGen       total 278528K, used 209808K [0x0000000640000000, 0x0000000651000000, 0x0000000740000000)
  object space 278528K, 75% used [0x0000000640000000,0x000000064cce43b8,0x0000000651000000)
 Metaspace       used 6559K, capacity 7280K, committed 7552K, reserved 1056768K
  class space    used 595K, capacity 616K, committed 640K, reserved 1048576K
Event: 31.203 GC heap after
Heap after GC invocations=16 (full 2):
 PSYoungGen      total 619520K, used 66823K [0x0000000740000000, 0x000000076e700000, 0x00000007c0000000)
  eden space 527360K, 0% used [0x0000000740000000,0x0000000740000000,0x0000000760300000)
  from space 92160K, 72% used [0x0000000766380000,0x000000076a4c1d18,0x000000076bd80000)
  to   space 98816K, 0% used [0x0000000760300000,0x0000000760300000,0x0000000766380000)
 ParOldGen       total 278528K, used 271057K [0x0000000640000000, 0x0000000651000000, 0x0000000740000000)
  object space 278528K, 97% used [0x0000000640000000,0x00000006508b4550,0x0000000651000000)
 Metaspace       used 6559K, capacity 7280K, committed 7552K, reserved 1056768K
  class space    used 595K, capacity 616K, committed 640K, reserved 1048576K
}
Event: 31.203 GC heap before
{Heap before GC invocations=17 (full 3):
 PSYoungGen      total 619520K, used 66823K [0x0000000740000000, 0x000000076e700000, 0x00000007c0000000)
  eden space 527360K, 0% used [0x0000000740000000,0x0000000740000000,0x0000000760300000)
  from space 92160K, 72% used [0x0000000766380000,0x000000076a4c1d18,0x000000076bd80000)
  to   space 98816K, 0% used [0x0000000760300000,0x0000000760300000,0x0000000766380000)
 ParOldGen       total 278528K, used 271057K [0x0000000640000000, 0x0000000651000000, 0x0000000740000000)
  object space 278528K, 97% used [0x0000000640000000,0x00000006508b4550,0x0000000651000000)
 Metaspace       used 6559K, capacity 7280K, committed 7552K, reserved 1056768K
  class space    used 595K, capacity 616K, committed 640K, reserved 1048576K
Event: 32.337 GC heap after
Heap after GC invocations=17 (full 3):
 PSYoungGen      total 619520K, used 54186K [0x0000000740000000, 0x000000076e700000, 0x00000007c0000000)
  eden space 527360K, 0% used [0x0000000740000000,0x0000000740000000,0x0000000760300000)
  from space 92160K, 58% used [0x0000000766380000,0x000000076986a8d0,0x000000076bd80000)
  to   space 98816K, 0% used [0x0000000760300000,0x0000000760300000,0x0000000766380000)
 ParOldGen       total 439296K, used 278165K [0x0000000640000000, 0x000000065ad00000, 0x0000000740000000)
  object space 439296K, 63% used [0x0000000640000000,0x0000000650fa5648,0x000000065ad00000)
 Metaspace       used 6559K, capacity 7280K, committed 7552K, reserved 1056768K
  class space    used 595K, capacity 616K, committed 640K, reserved 1048576K
}
Event: 34.848 GC heap before
{Heap before GC invocations=18 (full 3):
 PSYoungGen      total 619520K, used 581546K [0x0000000740000000, 0x000000076e700000, 0x00000007c0000000)
  eden space 527360K, 100% used [0x0000000740000000,0x0000000760300000,0x0000000760300000)
  from space 92160K, 58% used [0x0000000766380000,0x000000076986a8d0,0x000000076bd80000)
  to   space 98816K, 0% used [0x0000000760300000,0x0000000760300000,0x0000000766380000)
 ParOldGen       total 439296K, used 278165K [0x0000000640000000, 0x000000065ad00000, 0x0000000740000000)
  object space 439296K, 63% used [0x0000000640000000,0x0000000650fa5648,0x000000065ad00000)
 Metaspace       used 6566K, capacity 7280K, committed 7552K, reserved 1056768K
  class space    used 596K, capacity 616K, committed 640K, reserved 1048576K
Event: 38.031 GC heap after
Heap after GC invocations=18 (full 3):
 PSYoungGen      total 626176K, used 91131K [0x0000000740000000, 0x000000077ac80000, 0x00000007c0000000)
  eden space 527360K, 0% used [0x0000000740000000,0x0000000740000000,0x0000000760300000)
  from space 98816K, 92% used [0x0000000760300000,0x0000000765bfef18,0x0000000766380000)
  to   space 112640K, 0% used [0x0000000773e80000,0x0000000773e80000,0x000000077ac80000)
 ParOldGen       total 439296K, used 330297K [0x0000000640000000, 0x000000065ad00000, 0x0000000740000000)
  object space 439296K, 75% used [0x0000000640000000,0x000000065428e4a0,0x000000065ad00000)
 Metaspace       used 6566K, capacity 7280K, committed 7552K, reserved 1056768K
  class space    used 596K, capacity 616K, committed 640K, reserved 1048576K
}
Event: 40.916 GC heap before
{Heap before GC invocations=19 (full 3):
 PSYoungGen      total 626176K, used 618491K [0x0000000740000000, 0x000000077ac80000, 0x00000007c0000000)
  eden space 527360K, 100% used [0x0000000740000000,0x0000000760300000,0x0000000760300000)
  from space 98816K, 92% used [0x0000000760300000,0x0000000765bfef18,0x0000000766380000)
  to   space 112640K, 0% used [0x0000000773e80000,0x0000000773e80000,0x000000077ac80000)
 ParOldGen       total 439296K, used 330297K [0x0000000640000000, 0x000000065ad00000, 0x0000000740000000)
  object space 439296K, 75% used [0x0000000640000000,0x000000065428e4a0,0x000000065ad00000)
 Metaspace       used 6572K, capacity 7280K, committed 7552K, reserved 1056768K
  class space    used 596K, capacity 616K, committed 640K, reserved 1048576K
Event: 45.718 GC heap after
Heap after GC invocations=19 (full 3):
 PSYoungGen      total 838656K, used 92820K [0x0000000740000000, 0x000000077d000000, 0x00000007c0000000)
  eden space 726016K, 0% used [0x0000000740000000,0x0000000740000000,0x000000076c500000)
  from space 112640K, 82% used [0x0000000773e80000,0x0000000779925338,0x000000077ac80000)
  to   space 124416K, 0% used [0x000000076c500000,0x000000076c500000,0x0000000773e80000)
 ParOldGen       total 439296K, used 410594K [0x0000000640000000, 0x000000065ad00000, 0x0000000740000000)
  object space 439296K, 93% used [0x0000000640000000,0x00000006590f88c0,0x000000065ad00000)
 Metaspace       used 6572K, capacity 7280K, committed 7552K, reserved 1056768K
  class space    used 596K, capacity 616K, committed 640K, reserved 1048576K
}
Event: 45.718 GC heap before
{Heap before GC invocations=20 (full 4):
 PSYoungGen      total 838656K, used 92820K [0x0000000740000000, 0x000000077d000000, 0x00000007c0000000)
  eden space 726016K, 0% used [0x0000000740000000,0x0000000740000000,0x000000076c500000)
  from space 112640K, 82% used [0x0000000773e80000,0x0000000779925338,0x000000077ac80000)
  to   space 124416K, 0% used [0x000000076c500000,0x000000076c500000,0x0000000773e80000)
 ParOldGen       total 439296K, used 410594K [0x0000000640000000, 0x000000065ad00000, 0x0000000740000000)
  object space 439296K, 93% used [0x0000000640000000,0x00000006590f88c0,0x000000065ad00000)
 Metaspace       used 6572K, capacity 7280K, committed 7552K, reserved 1056768K
  class space    used 596K, capacity 616K, committed 640K, reserved 1048576K

